\BOOKMARK [0][-]{chapter*.2}{\376\377\000P\000r\000e\000f\000a\000c\000e}{}% 1
\BOOKMARK [0][-]{chapter*.5}{\376\377\000A\000b\000s\000t\000r\000a\000c\000t}{}% 2
\BOOKMARK [0][-]{chapter*.7}{\376\377\000L\000i\000s\000t\000\040\000o\000f\000\040\000F\000i\000g\000u\000r\000e\000s\000\040\000a\000n\000d\000\040\000T\000a\000b\000l\000e\000s}{}% 3
\BOOKMARK [0][-]{chapter*.13}{\376\377\000L\000i\000s\000t\000\040\000o\000f\000\040\000a\000b\000b\000r\000e\000v\000i\000a\000t\000i\000o\000n\000s\000\040\000a\000n\000d\000\040\000s\000y\000m\000b\000o\000l\000s}{}% 4
\BOOKMARK [0][-]{chapter.1}{\376\377\000I\000n\000t\000r\000o\000d\000u\000c\000t\000i\000o\000n}{}% 5
\BOOKMARK [1][-]{section.1.1}{\376\377\000b\000a\000c\000k\000g\000r\000o\000u\000n\000d}{chapter.1}% 6
\BOOKMARK [0][-]{chapter.2}{\376\377\000T\000h\000e\000\040\000F\000i\000r\000s\000t\000\040\000C\000h\000a\000p\000t\000e\000r}{}% 7
\BOOKMARK [1][-]{section.2.1}{\376\377\000T\000h\000e\000\040\000F\000i\000r\000s\000t\000\040\000T\000o\000p\000i\000c\000\040\000o\000f\000\040\000t\000h\000e\000\040\000C\000h\000a\000p\000t\000e\000r}{chapter.2}% 8
\BOOKMARK [1][-]{section.2.2}{\376\377\000A\000\040\000S\000e\000c\000o\000n\000d\000\040\000T\000o\000p\000i\000c}{chapter.2}% 9
\BOOKMARK [1][-]{section.2.3}{\376\377\000C\000o\000n\000c\000l\000u\000s\000i\000o\000n}{chapter.2}% 10
\BOOKMARK [0][-]{chapter.3}{\376\377\000T\000h\000e\000\040\000N\000e\000x\000t\000\040\000C\000h\000a\000p\000t\000e\000r}{}% 11
\BOOKMARK [1][-]{section.3.1}{\376\377\000T\000h\000e\000\040\000F\000i\000r\000s\000t\000\040\000T\000o\000p\000i\000c\000\040\000o\000f\000\040\000t\000h\000i\000s\000\040\000C\000h\000a\000p\000t\000e\000r}{chapter.3}% 12
\BOOKMARK [1][-]{section.3.2}{\376\377\000F\000i\000g\000u\000r\000e\000s}{chapter.3}% 13
\BOOKMARK [1][-]{section.3.3}{\376\377\000T\000a\000b\000l\000e\000s}{chapter.3}% 14
\BOOKMARK [1][-]{section.3.4}{\376\377\000C\000o\000n\000c\000l\000u\000s\000i\000o\000n}{chapter.3}% 15
\BOOKMARK [0][-]{chapter.4}{\376\377\000T\000h\000e\000\040\000F\000i\000n\000a\000l\000\040\000C\000h\000a\000p\000t\000e\000r}{}% 16
\BOOKMARK [1][-]{section.4.1}{\376\377\000T\000h\000e\000\040\000F\000i\000r\000s\000t\000\040\000T\000o\000p\000i\000c\000\040\000o\000f\000\040\000t\000h\000i\000s\000\040\000C\000h\000a\000p\000t\000e\000r}{chapter.4}% 17
\BOOKMARK [1][-]{section.4.2}{\376\377\000T\000h\000e\000\040\000S\000e\000c\000o\000n\000d\000\040\000T\000o\000p\000i\000c}{chapter.4}% 18
\BOOKMARK [1][-]{section.4.3}{\376\377\000C\000o\000n\000c\000l\000u\000s\000i\000o\000n}{chapter.4}% 19
\BOOKMARK [0][-]{chapter.5}{\376\377\000C\000o\000n\000c\000l\000u\000s\000i\000o\000n}{}% 20
\BOOKMARK [0][-]{appendix.A}{\376\377\000T\000h\000e\000\040\000F\000i\000r\000s\000t\000\040\000A\000p\000p\000e\000n\000d\000i\000x}{}% 21
\BOOKMARK [1][-]{section.A.1}{\376\377\000F\000i\000r\000s\000t\000\040\000a\000p\000p\000e\000n\000d\000i\000x}{appendix.A}% 22
\BOOKMARK [0][-]{appendix.B}{\376\377\000T\000h\000e\000\040\000L\000a\000s\000t\000\040\000A\000p\000p\000e\000n\000d\000i\000x}{}% 23
\BOOKMARK [0][-]{chapter*.19}{\376\377\000B\000i\000b\000l\000i\000o\000g\000r\000a\000p\000h\000y}{}% 24
\BOOKMARK [0][-]{chapter*.21}{\376\377\000C\000o\000d\000e\000\040\000o\000f\000\040\000C\000o\000n\000d\000u\000c\000t}{}% 25
